2026-07-08 12:05:03,200 - MainThread - sqlmesh.core.config.connection - INFO - Creating new DuckDB adapter for data files: {'db.db'} (connection.py:503)
2026-07-08 12:05:03,869 - MainThread - sqlmesh.core.config.connection - INFO - Creating new DuckDB adapter for in-memory database (connection.py:505)
2026-07-08 12:05:03,962 - MainThread - sqlmesh.core.config.connection - INFO - Using existing DuckDB adapter due to overlapping data file: db.db (connection.py:493)
2026-07-08 12:05:05,476 - MainThread - sqlmesh.core.plan.evaluator - INFO - Evaluating plan stage PhysicalLayerSchemaCreationStage (evaluator.py:123)
2026-07-08 12:05:05,477 - MainThread - sqlmesh.core.snapshot.evaluator - INFO - Creating schema 'db.sqlmesh__sqlmesh_example' (evaluator.py:1468)
2026-07-08 12:05:05,477 - MainThread - sqlmesh.core.engine_adapter.base - INFO - Executing SQL: /* SQLMESH_PLAN: 3e62a9a75e7f4d92ad196ec28f8e13fa */ CREATE SCHEMA IF NOT EXISTS "db"."sqlmesh__sqlmesh_example" (base.py:2654)
2026-07-08 12:05:05,478 - MainThread - sqlmesh.core.plan.evaluator - INFO - Evaluating plan stage PhysicalLayerUpdateStage (evaluator.py:123)
2026-07-08 12:05:05,479 - MainThread - sqlmesh.core.snapshot.evaluator - INFO - Listing data objects in schema db.sqlmesh__sqlmesh_example (evaluator.py:1635)
2026-07-08 12:05:05,479 - MainThread - sqlmesh.core.engine_adapter.base - INFO - Executing SQL: /* SQLMESH_PLAN: 3e62a9a75e7f4d92ad196ec28f8e13fa */ SELECT CURRENT_CATALOG (base.py:2654)
2026-07-08 12:05:05,479 - MainThread - sqlmesh.core.engine_adapter.base - INFO - Executing SQL: /* SQLMESH_PLAN: 3e62a9a75e7f4d92ad196ec28f8e13fa */ SELECT CURRENT_CATALOG (base.py:2654)
2026-07-08 12:05:05,481 - MainThread - sqlmesh.core.engine_adapter.base - INFO - Executing SQL: /* SQLMESH_PLAN: 3e62a9a75e7f4d92ad196ec28f8e13fa */ SELECT table_name AS name, table_schema AS schema, CASE table_type WHEN 'BASE TABLE' THEN 'table' WHEN 'VIEW' THEN 'view' WHEN 'LOCAL TEMPORARY' THEN 'table' END AS type FROM system.information_schema.tables WHERE (table_catalog = 'db' AND table_schema = 'sqlmesh__sqlmesh_example') AND table_name IN ('sqlmesh_example__seed_model__2437004170', 'sqlmesh_example__full_model__635791289', 'sqlmesh_example__incremental_model__3572673861') (base.py:2654)
2026-07-08 12:05:05,484 - MainThread - sqlmesh.core.plan.evaluator - INFO - Evaluating plan stage BackfillStage (evaluator.py:123)
2026-07-08 12:05:05,485 - MainThread - sqlmesh.core.plan.evaluator - INFO - Evaluating plan stage EnvironmentRecordUpdateStage (evaluator.py:123)
2026-07-08 12:05:05,485 - MainThread - sqlmesh.core.state_sync.db.facade - INFO - Promoting environment 'prod' (facade.py:167)
2026-07-08 12:05:05,502 - MainThread - sqlmesh.core.plan.evaluator - INFO - Evaluating plan stage UnpauseStage (evaluator.py:123)
2026-07-08 12:05:05,508 - MainThread - sqlmesh.core.plan.evaluator - INFO - Evaluating plan stage VirtualLayerUpdateStage (evaluator.py:123)
2026-07-08 12:05:05,511 - MainThread - sqlmesh.core.snapshot.evaluator - INFO - Creating schema 'db.sqlmesh_example' (evaluator.py:1468)
2026-07-08 12:05:05,511 - MainThread - sqlmesh.core.engine_adapter.base - INFO - Executing SQL: /* SQLMESH_PLAN: 3e62a9a75e7f4d92ad196ec28f8e13fa */ CREATE SCHEMA IF NOT EXISTS "db"."sqlmesh_example" (base.py:2654)
2026-07-08 12:05:05,512 - MainThread - sqlmesh.core.snapshot.evaluator - INFO - Listing data objects in schema db.sqlmesh_example (evaluator.py:1635)
2026-07-08 12:05:05,512 - MainThread - sqlmesh.core.engine_adapter.base - INFO - Executing SQL: /* SQLMESH_PLAN: 3e62a9a75e7f4d92ad196ec28f8e13fa */ SELECT CURRENT_CATALOG (base.py:2654)
2026-07-08 12:05:05,513 - MainThread - sqlmesh.core.engine_adapter.base - INFO - Executing SQL: /* SQLMESH_PLAN: 3e62a9a75e7f4d92ad196ec28f8e13fa */ SELECT CURRENT_CATALOG (base.py:2654)
2026-07-08 12:05:05,514 - MainThread - sqlmesh.core.engine_adapter.base - INFO - Executing SQL: /* SQLMESH_PLAN: 3e62a9a75e7f4d92ad196ec28f8e13fa */ SELECT table_name AS name, table_schema AS schema, CASE table_type WHEN 'BASE TABLE' THEN 'table' WHEN 'VIEW' THEN 'view' WHEN 'LOCAL TEMPORARY' THEN 'table' END AS type FROM system.information_schema.tables WHERE (table_catalog = 'db' AND table_schema = 'sqlmesh_example') AND table_name IN ('incremental_model', 'seed_model', 'full_model') (base.py:2654)
2026-07-08 12:05:05,516 - MainThread - sqlmesh.core.snapshot.evaluator - INFO - Updating view 'db.sqlmesh_example.seed_model' to point at table 'db.sqlmesh__sqlmesh_example.sqlmesh_example__seed_model__2437004170' (evaluator.py:2007)
2026-07-08 12:05:05,517 - MainThread - sqlmesh.core.engine_adapter.base - INFO - Executing SQL: /* SQLMESH_PLAN: 3e62a9a75e7f4d92ad196ec28f8e13fa */ CREATE OR REPLACE VIEW "db"."sqlmesh_example"."seed_model" AS SELECT * FROM "db"."sqlmesh__sqlmesh_example"."sqlmesh_example__seed_model__2437004170" (base.py:2654)
2026-07-08 12:05:05,519 - MainThread - sqlmesh.core.snapshot.evaluator - INFO - Updating view 'db.sqlmesh_example.incremental_model' to point at table 'db.sqlmesh__sqlmesh_example.sqlmesh_example__incremental_model__3572673861' (evaluator.py:2007)
2026-07-08 12:05:05,520 - MainThread - sqlmesh.core.engine_adapter.base - INFO - Executing SQL: /* SQLMESH_PLAN: 3e62a9a75e7f4d92ad196ec28f8e13fa */ CREATE OR REPLACE VIEW "db"."sqlmesh_example"."incremental_model" AS SELECT * FROM "db"."sqlmesh__sqlmesh_example"."sqlmesh_example__incremental_model__3572673861" (base.py:2654)
2026-07-08 12:05:05,523 - MainThread - sqlmesh.core.snapshot.evaluator - INFO - Updating view 'db.sqlmesh_example.full_model' to point at table 'db.sqlmesh__sqlmesh_example.sqlmesh_example__full_model__635791289' (evaluator.py:2007)
2026-07-08 12:05:05,523 - MainThread - sqlmesh.core.engine_adapter.base - INFO - Executing SQL: /* SQLMESH_PLAN: 3e62a9a75e7f4d92ad196ec28f8e13fa */ CREATE OR REPLACE VIEW "db"."sqlmesh_example"."full_model" AS SELECT * FROM "db"."sqlmesh__sqlmesh_example"."sqlmesh_example__full_model__635791289" (base.py:2654)
2026-07-08 12:05:05,526 - MainThread - sqlmesh.core.plan.evaluator - INFO - Evaluating plan stage FinalizeEnvironmentStage (evaluator.py:123)
2026-07-08 12:05:05,526 - MainThread - sqlmesh.core.state_sync.db.environment - INFO - Finalizing environment 'prod' (environment.py:141)
2026-07-08 12:05:05,547 - MainThread - root - INFO - Shutting down the event dispatcher (dispatcher.py:159)
