2026-07-08 12:06:19,516 - MainThread - sqlmesh.core.config.connection - INFO - Creating new DuckDB adapter for data files: {'db.db'} (connection.py:503)
2026-07-08 12:06:20,306 - MainThread - sqlmesh.core.config.connection - INFO - Creating new DuckDB adapter for in-memory database (connection.py:505)
2026-07-08 12:06:20,485 - MainThread - sqlmesh.core.config.connection - INFO - Using existing DuckDB adapter due to overlapping data file: db.db (connection.py:493)
2026-07-08 12:06:27,616 - MainThread - sqlmesh.core.plan.evaluator - INFO - Evaluating plan stage CreateSnapshotRecordsStage (evaluator.py:123)
2026-07-08 12:06:27,635 - MainThread - sqlmesh.core.plan.evaluator - INFO - Evaluating plan stage PhysicalLayerSchemaCreationStage (evaluator.py:123)
2026-07-08 12:06:27,635 - MainThread - sqlmesh.core.snapshot.evaluator - INFO - Creating schema 'db.sqlmesh__sqlmesh_example' (evaluator.py:1468)
2026-07-08 12:06:27,636 - MainThread - sqlmesh.core.engine_adapter.base - INFO - Executing SQL: /* SQLMESH_PLAN: bb7dd6b039f44d819117eac07efb440a */ CREATE SCHEMA IF NOT EXISTS "db"."sqlmesh__sqlmesh_example" (base.py:2654)
2026-07-08 12:06:27,636 - MainThread - sqlmesh.core.plan.evaluator - INFO - Evaluating plan stage BackfillStage (evaluator.py:123)
2026-07-08 12:06:27,638 - MainThread - sqlmesh.core.snapshot.evaluator - INFO - Listing data objects in schema db.sqlmesh__sqlmesh_example (evaluator.py:1635)
2026-07-08 12:06:27,638 - MainThread - sqlmesh.core.engine_adapter.base - INFO - Executing SQL: /* SQLMESH_PLAN: bb7dd6b039f44d819117eac07efb440a */ SELECT CURRENT_CATALOG (base.py:2654)
2026-07-08 12:06:27,639 - MainThread - sqlmesh.core.engine_adapter.base - INFO - Executing SQL: /* SQLMESH_PLAN: bb7dd6b039f44d819117eac07efb440a */ SELECT CURRENT_CATALOG (base.py:2654)
2026-07-08 12:06:27,640 - MainThread - sqlmesh.core.engine_adapter.base - INFO - Executing SQL: /* SQLMESH_PLAN: bb7dd6b039f44d819117eac07efb440a */ SELECT table_name AS name, table_schema AS schema, CASE table_type WHEN 'BASE TABLE' THEN 'table' WHEN 'VIEW' THEN 'view' WHEN 'LOCAL TEMPORARY' THEN 'table' END AS type FROM system.information_schema.tables WHERE (table_catalog = 'db' AND table_schema = 'sqlmesh__sqlmesh_example') AND table_name IN ('sqlmesh_example__incremental_model__3350957256', 'sqlmesh_example__full_model__3326524972', 'sqlmesh_example__seed_model__4119327924') (base.py:2654)
2026-07-08 12:06:27,643 - MainThread - sqlmesh.core.snapshot.evaluator - INFO - Evaluating snapshot SnapshotId<"db"."sqlmesh_example"."seed_model": 3044915743> (evaluator.py:730)
2026-07-08 12:06:27,644 - MainThread - sqlmesh.core.snapshot.evaluator - INFO - Creating table 'db.sqlmesh__sqlmesh_example.sqlmesh_example__seed_model__4119327924' (evaluator.py:2095)
2026-07-08 12:06:27,644 - MainThread - sqlmesh.core.engine_adapter.base - INFO - Executing SQL: /* SQLMESH_PLAN: bb7dd6b039f44d819117eac07efb440a */ SELECT CURRENT_CATALOG (base.py:2654)
2026-07-08 12:06:27,645 - MainThread - sqlmesh.core.engine_adapter.base - INFO - Executing SQL: /* SQLMESH_PLAN: bb7dd6b039f44d819117eac07efb440a */ SELECT type FROM DUCKDB_DATABASES() WHERE database_name = 'db' (base.py:2654)
2026-07-08 12:06:27,646 - MainThread - sqlmesh.core.engine_adapter.base - INFO - Executing SQL: /* SQLMESH_PLAN: bb7dd6b039f44d819117eac07efb440a */ CREATE TABLE IF NOT EXISTS "db"."sqlmesh__sqlmesh_example"."sqlmesh_example__seed_model__4119327924" ("id" INT, "item_id" INT, "event_date" DATE) (base.py:2654)
2026-07-08 12:06:27,647 - MainThread - sqlmesh.core.engine_adapter.base - INFO - Executing SQL: /* SQLMESH_PLAN: bb7dd6b039f44d819117eac07efb440a */ DROP TABLE IF EXISTS "db"."sqlmesh__sqlmesh_example"."sqlmesh_example__seed_model__4119327924" (base.py:2654)
2026-07-08 12:06:27,651 - MainThread - sqlmesh.core.scheduler - INFO - SKIPPED snapshot "db"."sqlmesh_example"."full_model"
 (scheduler.py:613)
2026-07-08 12:06:27,651 - MainThread - sqlmesh.core.scheduler - INFO - SKIPPED snapshot "db"."sqlmesh_example"."incremental_model"
 (scheduler.py:613)
2026-07-08 12:06:27,651 - MainThread - sqlmesh.core.scheduler - INFO - Execution failed for node EvaluateNode(snapshot_name='"db"."sqlmesh_example"."seed_model"', interval=(1783296000000, 1783382400000), batch_index=0) (scheduler.py:618)
Traceback (most recent call last):
  File "C:\Users\Nitya Shah\AppData\Local\Programs\Python\Python311\Lib\site-packages\sqlmesh\utils\concurrency.py", line 234, in sequential_apply_to_dag
    fn(node)
  File "C:\Users\Nitya Shah\AppData\Local\Programs\Python\Python311\Lib\site-packages\sqlmesh\core\scheduler.py", line 554, in run_node
    audit_results = self.evaluate(
                    ^^^^^^^^^^^^^^
  File "C:\Users\Nitya Shah\AppData\Local\Programs\Python\Python311\Lib\site-packages\sqlmesh\core\scheduler.py", line 229, in evaluate
    wap_id = self.snapshot_evaluator.evaluate(
             ^^^^^^^^^^^^^^^^^^^^^^^^^^^^^^^^^
  File "C:\Users\Nitya Shah\AppData\Local\Programs\Python\Python311\Lib\site-packages\sqlmesh\core\snapshot\evaluator.py", line 186, in evaluate
    result = self._evaluate_snapshot(
             ^^^^^^^^^^^^^^^^^^^^^^^^
  File "C:\Users\Nitya Shah\AppData\Local\Programs\Python\Python311\Lib\site-packages\sqlmesh\core\snapshot\evaluator.py", line 810, in _evaluate_snapshot
    self._execute_create(
  File "C:\Users\Nitya Shah\AppData\Local\Programs\Python\Python311\Lib\site-packages\sqlmesh\core\snapshot\evaluator.py", line 1515, in _execute_create
    evaluation_strategy.create(
  File "C:\Users\Nitya Shah\AppData\Local\Programs\Python\Python311\Lib\site-packages\sqlmesh\core\snapshot\evaluator.py", line 2514, in create
    for index, df in enumerate(model.render_seed()):
  File "C:\Users\Nitya Shah\AppData\Local\Programs\Python\Python311\Lib\site-packages\sqlmesh\core\model\definition.py", line 1749, in render_seed
    raise_config_error(
  File "C:\Users\Nitya Shah\AppData\Local\Programs\Python\Python311\Lib\site-packages\sqlmesh\utils\errors.py", line 226, in raise_config_error
    raise error_type(f"{msg} at '{location}'", location)
sqlmesh.utils.errors.ConfigError: Seed model 'sqlmesh_example.seed_model' has missing columns: {'id'} at 'C:\Users\Nitya Shah\Downloads\sqlmeshlearn\models\seed_model.sql'

The above exception was the direct cause of the following exception:

sqlmesh.utils.concurrency.NodeExecutionFailedError: Execution failed for node EvaluateNode(snapshot_name='"db"."sqlmesh_example"."seed_model"', interval=(1783296000000, 1783382400000), batch_index=0)
2026-07-08 12:06:27,655 - MainThread - sqlmesh.core.context - INFO - Plan application failed. (context.py:1841)
Traceback (most recent call last):
  File "C:\Users\Nitya Shah\AppData\Local\Programs\Python\Python311\Lib\site-packages\sqlmesh\core\context.py", line 1833, in apply
    self._apply(plan, circuit_breaker)
  File "C:\Users\Nitya Shah\AppData\Local\Programs\Python\Python311\Lib\site-packages\sqlmesh\core\context.py", line 2627, in _apply
    self._scheduler.create_plan_evaluator(self).evaluate(
  File "C:\Users\Nitya Shah\AppData\Local\Programs\Python\Python311\Lib\site-packages\sqlmesh\core\plan\evaluator.py", line 105, in evaluate
    self._evaluate_stages(plan_stages, plan)
  File "C:\Users\Nitya Shah\AppData\Local\Programs\Python\Python311\Lib\site-packages\sqlmesh\core\plan\evaluator.py", line 125, in _evaluate_stages
    handler(stage, plan)
  File "C:\Users\Nitya Shah\AppData\Local\Programs\Python\Python311\Lib\site-packages\sqlmesh\core\plan\evaluator.py", line 264, in visit_backfill_stage
    raise PlanError("Plan application failed.")
sqlmesh.utils.errors.PlanError: Plan application failed.
2026-07-08 12:06:27,671 - MainThread - root - INFO - Shutting down the event dispatcher (dispatcher.py:159)
