2026-07-08 12:04:21,756 - MainThread - sqlmesh.core.config.connection - INFO - Creating new DuckDB adapter for data files: {'db.db'} (connection.py:503)
2026-07-08 12:04:22,520 - MainThread - sqlmesh.core.config.connection - INFO - Creating new DuckDB adapter for in-memory database (connection.py:505)
2026-07-08 12:04:22,624 - MainThread - sqlmesh.core.config.connection - INFO - Using existing DuckDB adapter due to overlapping data file: db.db (connection.py:493)
2026-07-08 12:04:25,487 - MainThread - sqlmesh.core.plan.evaluator - INFO - Evaluating plan stage PhysicalLayerSchemaCreationStage (evaluator.py:123)
2026-07-08 12:04:25,489 - MainThread - sqlmesh.core.snapshot.evaluator - INFO - Creating schema 'db.sqlmesh__sqlmesh_example' (evaluator.py:1468)
2026-07-08 12:04:25,489 - MainThread - sqlmesh.core.engine_adapter.base - INFO - Executing SQL: /* SQLMESH_PLAN: 0ee24c3ca03e44c99f13005db4d05a8e */ CREATE SCHEMA IF NOT EXISTS "db"."sqlmesh__sqlmesh_example" (base.py:2654)
2026-07-08 12:04:25,490 - MainThread - sqlmesh.core.plan.evaluator - INFO - Evaluating plan stage PhysicalLayerUpdateStage (evaluator.py:123)
2026-07-08 12:04:25,490 - MainThread - sqlmesh.core.snapshot.evaluator - INFO - Listing data objects in schema db.sqlmesh__sqlmesh_example (evaluator.py:1635)
2026-07-08 12:04:25,490 - MainThread - sqlmesh.core.engine_adapter.base - INFO - Executing SQL: /* SQLMESH_PLAN: 0ee24c3ca03e44c99f13005db4d05a8e */ SELECT CURRENT_CATALOG (base.py:2654)
2026-07-08 12:04:25,492 - MainThread - sqlmesh.core.engine_adapter.base - INFO - Executing SQL: /* SQLMESH_PLAN: 0ee24c3ca03e44c99f13005db4d05a8e */ SELECT CURRENT_CATALOG (base.py:2654)
2026-07-08 12:04:25,492 - MainThread - sqlmesh.core.engine_adapter.base - INFO - Executing SQL: /* SQLMESH_PLAN: 0ee24c3ca03e44c99f13005db4d05a8e */ SELECT table_name AS name, table_schema AS schema, CASE table_type WHEN 'BASE TABLE' THEN 'table' WHEN 'VIEW' THEN 'view' WHEN 'LOCAL TEMPORARY' THEN 'table' END AS type FROM system.information_schema.tables WHERE (table_catalog = 'db' AND table_schema = 'sqlmesh__sqlmesh_example') AND table_name IN ('sqlmesh_example__seed_model__2437004170', 'sqlmesh_example__full_model__635791289', 'sqlmesh_example__incremental_model__3572673861') (base.py:2654)
2026-07-08 12:04:25,496 - MainThread - sqlmesh.core.plan.evaluator - INFO - Evaluating plan stage BackfillStage (evaluator.py:123)
2026-07-08 12:04:25,496 - MainThread - sqlmesh.core.plan.evaluator - INFO - Evaluating plan stage EnvironmentRecordUpdateStage (evaluator.py:123)
2026-07-08 12:04:25,496 - MainThread - sqlmesh.core.state_sync.db.facade - INFO - Promoting environment 'nit' (facade.py:167)
2026-07-08 12:04:25,513 - MainThread - sqlmesh.core.plan.evaluator - INFO - Evaluating plan stage VirtualLayerUpdateStage (evaluator.py:123)
2026-07-08 12:04:25,517 - MainThread - sqlmesh.core.snapshot.evaluator - INFO - Creating schema 'db.sqlmesh_example__nit' (evaluator.py:1468)
2026-07-08 12:04:25,517 - MainThread - sqlmesh.core.engine_adapter.base - INFO - Executing SQL: /* SQLMESH_PLAN: 0ee24c3ca03e44c99f13005db4d05a8e */ CREATE SCHEMA IF NOT EXISTS "db"."sqlmesh_example__nit" (base.py:2654)
2026-07-08 12:04:25,517 - MainThread - sqlmesh.core.snapshot.evaluator - INFO - Listing data objects in schema db.sqlmesh_example__nit (evaluator.py:1635)
2026-07-08 12:04:25,518 - MainThread - sqlmesh.core.engine_adapter.base - INFO - Executing SQL: /* SQLMESH_PLAN: 0ee24c3ca03e44c99f13005db4d05a8e */ SELECT CURRENT_CATALOG (base.py:2654)
2026-07-08 12:04:25,518 - MainThread - sqlmesh.core.engine_adapter.base - INFO - Executing SQL: /* SQLMESH_PLAN: 0ee24c3ca03e44c99f13005db4d05a8e */ SELECT CURRENT_CATALOG (base.py:2654)
2026-07-08 12:04:25,519 - MainThread - sqlmesh.core.engine_adapter.base - INFO - Executing SQL: /* SQLMESH_PLAN: 0ee24c3ca03e44c99f13005db4d05a8e */ SELECT table_name AS name, table_schema AS schema, CASE table_type WHEN 'BASE TABLE' THEN 'table' WHEN 'VIEW' THEN 'view' WHEN 'LOCAL TEMPORARY' THEN 'table' END AS type FROM system.information_schema.tables WHERE (table_catalog = 'db' AND table_schema = 'sqlmesh_example__nit') AND table_name IN ('incremental_model', 'seed_model', 'full_model') (base.py:2654)
2026-07-08 12:04:25,522 - MainThread - sqlmesh.core.snapshot.evaluator - INFO - Updating view 'db.sqlmesh_example__nit.seed_model' to point at table 'db.sqlmesh__sqlmesh_example.sqlmesh_example__seed_model__2437004170' (evaluator.py:2007)
2026-07-08 12:04:25,522 - MainThread - sqlmesh.core.engine_adapter.base - INFO - Executing SQL: /* SQLMESH_PLAN: 0ee24c3ca03e44c99f13005db4d05a8e */ CREATE OR REPLACE VIEW "db"."sqlmesh_example__nit"."seed_model" AS SELECT * FROM "db"."sqlmesh__sqlmesh_example"."sqlmesh_example__seed_model__2437004170" (base.py:2654)
2026-07-08 12:04:25,525 - MainThread - sqlmesh.core.snapshot.evaluator - INFO - Updating view 'db.sqlmesh_example__nit.incremental_model' to point at table 'db.sqlmesh__sqlmesh_example.sqlmesh_example__incremental_model__3572673861' (evaluator.py:2007)
2026-07-08 12:04:25,526 - MainThread - sqlmesh.core.engine_adapter.base - INFO - Executing SQL: /* SQLMESH_PLAN: 0ee24c3ca03e44c99f13005db4d05a8e */ CREATE OR REPLACE VIEW "db"."sqlmesh_example__nit"."incremental_model" AS SELECT * FROM "db"."sqlmesh__sqlmesh_example"."sqlmesh_example__incremental_model__3572673861" (base.py:2654)
2026-07-08 12:04:25,529 - MainThread - sqlmesh.core.snapshot.evaluator - INFO - Updating view 'db.sqlmesh_example__nit.full_model' to point at table 'db.sqlmesh__sqlmesh_example.sqlmesh_example__full_model__635791289' (evaluator.py:2007)
2026-07-08 12:04:25,529 - MainThread - sqlmesh.core.engine_adapter.base - INFO - Executing SQL: /* SQLMESH_PLAN: 0ee24c3ca03e44c99f13005db4d05a8e */ CREATE OR REPLACE VIEW "db"."sqlmesh_example__nit"."full_model" AS SELECT * FROM "db"."sqlmesh__sqlmesh_example"."sqlmesh_example__full_model__635791289" (base.py:2654)
2026-07-08 12:04:25,532 - MainThread - sqlmesh.core.plan.evaluator - INFO - Evaluating plan stage FinalizeEnvironmentStage (evaluator.py:123)
2026-07-08 12:04:25,532 - MainThread - sqlmesh.core.state_sync.db.environment - INFO - Finalizing environment 'nit' (environment.py:141)
2026-07-08 12:04:25,554 - MainThread - root - INFO - Shutting down the event dispatcher (dispatcher.py:159)
