2026-07-08 12:03:42,400 - MainThread - sqlmesh.core.config.connection - INFO - Creating new DuckDB adapter for data files: {'db.db'} (connection.py:503)
2026-07-08 12:03:43,028 - MainThread - sqlmesh.core.config.connection - INFO - Creating new DuckDB adapter for in-memory database (connection.py:505)
2026-07-08 12:03:43,122 - MainThread - sqlmesh.core.config.connection - INFO - Using existing DuckDB adapter due to overlapping data file: db.db (connection.py:493)
2026-07-08 12:03:46,876 - MainThread - sqlmesh.core.plan.evaluator - INFO - Evaluating plan stage PhysicalLayerSchemaCreationStage (evaluator.py:123)
2026-07-08 12:03:46,878 - MainThread - sqlmesh.core.snapshot.evaluator - INFO - Creating schema 'db.sqlmesh__sqlmesh_example' (evaluator.py:1468)
2026-07-08 12:03:46,878 - MainThread - sqlmesh.core.engine_adapter.base - INFO - Executing SQL: /* SQLMESH_PLAN: 97dfd95d22be41f0987e11e5a161c125 */ CREATE SCHEMA IF NOT EXISTS "db"."sqlmesh__sqlmesh_example" (base.py:2654)
2026-07-08 12:03:46,878 - MainThread - sqlmesh.core.plan.evaluator - INFO - Evaluating plan stage PhysicalLayerUpdateStage (evaluator.py:123)
2026-07-08 12:03:46,878 - MainThread - sqlmesh.core.snapshot.evaluator - INFO - Listing data objects in schema db.sqlmesh__sqlmesh_example (evaluator.py:1635)
2026-07-08 12:03:46,879 - MainThread - sqlmesh.core.engine_adapter.base - INFO - Executing SQL: /* SQLMESH_PLAN: 97dfd95d22be41f0987e11e5a161c125 */ SELECT CURRENT_CATALOG (base.py:2654)
2026-07-08 12:03:46,879 - MainThread - sqlmesh.core.engine_adapter.base - INFO - Executing SQL: /* SQLMESH_PLAN: 97dfd95d22be41f0987e11e5a161c125 */ SELECT CURRENT_CATALOG (base.py:2654)
2026-07-08 12:03:46,880 - MainThread - sqlmesh.core.engine_adapter.base - INFO - Executing SQL: /* SQLMESH_PLAN: 97dfd95d22be41f0987e11e5a161c125 */ SELECT table_name AS name, table_schema AS schema, CASE table_type WHEN 'BASE TABLE' THEN 'table' WHEN 'VIEW' THEN 'view' WHEN 'LOCAL TEMPORARY' THEN 'table' END AS type FROM system.information_schema.tables WHERE (table_catalog = 'db' AND table_schema = 'sqlmesh__sqlmesh_example') AND table_name IN ('sqlmesh_example__seed_model__2251348529', 'sqlmesh_example__full_model__4122126390', 'sqlmesh_example__incremental_model__1836412773') (base.py:2654)
2026-07-08 12:03:46,883 - MainThread - sqlmesh.core.plan.evaluator - INFO - Evaluating plan stage BackfillStage (evaluator.py:123)
2026-07-08 12:03:46,884 - MainThread - sqlmesh.core.plan.evaluator - INFO - Evaluating plan stage EnvironmentRecordUpdateStage (evaluator.py:123)
2026-07-08 12:03:46,884 - MainThread - sqlmesh.core.state_sync.db.facade - INFO - Promoting environment 'nit' (facade.py:167)
2026-07-08 12:03:46,898 - MainThread - sqlmesh.core.plan.evaluator - INFO - Evaluating plan stage VirtualLayerUpdateStage (evaluator.py:123)
2026-07-08 12:03:46,902 - MainThread - sqlmesh.core.snapshot.evaluator - INFO - Creating schema 'db.sqlmesh_example__nit' (evaluator.py:1468)
2026-07-08 12:03:46,902 - MainThread - sqlmesh.core.engine_adapter.base - INFO - Executing SQL: /* SQLMESH_PLAN: 97dfd95d22be41f0987e11e5a161c125 */ CREATE SCHEMA IF NOT EXISTS "db"."sqlmesh_example__nit" (base.py:2654)
2026-07-08 12:03:46,903 - MainThread - sqlmesh.core.snapshot.evaluator - INFO - Listing data objects in schema db.sqlmesh_example__nit (evaluator.py:1635)
2026-07-08 12:03:46,903 - MainThread - sqlmesh.core.engine_adapter.base - INFO - Executing SQL: /* SQLMESH_PLAN: 97dfd95d22be41f0987e11e5a161c125 */ SELECT CURRENT_CATALOG (base.py:2654)
2026-07-08 12:03:46,903 - MainThread - sqlmesh.core.engine_adapter.base - INFO - Executing SQL: /* SQLMESH_PLAN: 97dfd95d22be41f0987e11e5a161c125 */ SELECT CURRENT_CATALOG (base.py:2654)
2026-07-08 12:03:46,904 - MainThread - sqlmesh.core.engine_adapter.base - INFO - Executing SQL: /* SQLMESH_PLAN: 97dfd95d22be41f0987e11e5a161c125 */ SELECT table_name AS name, table_schema AS schema, CASE table_type WHEN 'BASE TABLE' THEN 'table' WHEN 'VIEW' THEN 'view' WHEN 'LOCAL TEMPORARY' THEN 'table' END AS type FROM system.information_schema.tables WHERE (table_catalog = 'db' AND table_schema = 'sqlmesh_example__nit') AND table_name IN ('full_model', 'seed_model', 'incremental_model') (base.py:2654)
2026-07-08 12:03:46,906 - MainThread - sqlmesh.core.snapshot.evaluator - INFO - Updating view 'db.sqlmesh_example__nit.seed_model' to point at table 'db.sqlmesh__sqlmesh_example.sqlmesh_example__seed_model__2251348529' (evaluator.py:2007)
2026-07-08 12:03:46,907 - MainThread - sqlmesh.core.engine_adapter.base - INFO - Executing SQL: /* SQLMESH_PLAN: 97dfd95d22be41f0987e11e5a161c125 */ CREATE OR REPLACE VIEW "db"."sqlmesh_example__nit"."seed_model" AS SELECT * FROM "db"."sqlmesh__sqlmesh_example"."sqlmesh_example__seed_model__2251348529" (base.py:2654)
2026-07-08 12:03:46,910 - MainThread - sqlmesh.core.snapshot.evaluator - INFO - Updating view 'db.sqlmesh_example__nit.incremental_model' to point at table 'db.sqlmesh__sqlmesh_example.sqlmesh_example__incremental_model__1836412773' (evaluator.py:2007)
2026-07-08 12:03:46,910 - MainThread - sqlmesh.core.engine_adapter.base - INFO - Executing SQL: /* SQLMESH_PLAN: 97dfd95d22be41f0987e11e5a161c125 */ CREATE OR REPLACE VIEW "db"."sqlmesh_example__nit"."incremental_model" AS SELECT * FROM "db"."sqlmesh__sqlmesh_example"."sqlmesh_example__incremental_model__1836412773" (base.py:2654)
2026-07-08 12:03:46,912 - MainThread - sqlmesh.core.snapshot.evaluator - INFO - Updating view 'db.sqlmesh_example__nit.full_model' to point at table 'db.sqlmesh__sqlmesh_example.sqlmesh_example__full_model__4122126390' (evaluator.py:2007)
2026-07-08 12:03:46,913 - MainThread - sqlmesh.core.engine_adapter.base - INFO - Executing SQL: /* SQLMESH_PLAN: 97dfd95d22be41f0987e11e5a161c125 */ CREATE OR REPLACE VIEW "db"."sqlmesh_example__nit"."full_model" AS SELECT * FROM "db"."sqlmesh__sqlmesh_example"."sqlmesh_example__full_model__4122126390" (base.py:2654)
2026-07-08 12:03:46,916 - MainThread - sqlmesh.core.plan.evaluator - INFO - Evaluating plan stage FinalizeEnvironmentStage (evaluator.py:123)
2026-07-08 12:03:46,916 - MainThread - sqlmesh.core.state_sync.db.environment - INFO - Finalizing environment 'nit' (environment.py:141)
2026-07-08 12:03:46,934 - MainThread - root - INFO - Shutting down the event dispatcher (dispatcher.py:159)
2026-07-08 12:03:46,949 - MainThread - sqlmesh.core.analytics.dispatcher - INFO - Failed to emit events: HTTPSConnectionPool(host='analytics.tobikodata.com', port=443): Max retries exceeded with url: /v1/sqlmesh/ (Caused by NameResolutionError("HTTPSConnection(host='analytics.tobikodata.com', port=443): Failed to resolve 'analytics.tobikodata.com' ([Errno 11001] getaddrinfo failed)")) (dispatcher.py:138)
